<?xml version="1.0" encoding="UTF-8"?>
<!-- Generated by org.testng.reporters.JUnitXMLReporter -->
<testsuite ignored="0" hostname="LAPTOP-PL6FGJN7" failures="0" tests="7" name="ChromeTest" time="21.312" errors="0" timestamp="2025-08-04T13:03:43 IST">
  <testcase classname="testCases.TC001_PurchaseFlow_Test" name="VerifyLoginFun" time="4.57"/>
  <testcase classname="testCases.TC001_PurchaseFlow_Test" name="VerifyAddToCartFunc" time="3.266"/>
  <testcase classname="testCases.TC001_PurchaseFlow_Test" name="Verify_CartPage_Func" time="3.285"/>
  <testcase classname="testCases.TC001_PurchaseFlow_Test" name="Verify_Checkout_Func" time="4.531"/>
  <testcase classname="testCases.TC001_PurchaseFlow_Test" name="Verify_Order_Success_Func" time="1.249"/>
  <testcase classname="testCases.TC001_PurchaseFlow_Test" name="Verify_Logout_Fun" time="0.27"/>
  <testcase classname="testCases.TC001_PurchaseFlow_Test" name="Verify_Invalid_Login_Fun" time="0.365"/>
</testsuite> <!-- ChromeTest -->
