<?xml version="1.0" encoding="UTF-8"?>
<testng-results ignored="0" total="7" passed="7" failed="0" skipped="0">
  <reporter-output>
  </reporter-output>
  <suite started-at="2025-08-04T13:03:22 IST" name="Suite" finished-at="2025-08-04T13:03:43 IST" duration-ms="21312">
    <groups>
      <group name="Master">
        <method signature="TC001_PurchaseFlow_Test.VerifyLoginFun()[pri:0, instance:testCases.TC001_PurchaseFlow_Test@b83a9be]" name="VerifyLoginFun" class="testCases.TC001_PurchaseFlow_Test"/>
        <method signature="TC001_PurchaseFlow_Test.VerifyAddToCartFunc()[pri:1, instance:testCases.TC001_PurchaseFlow_Test@b83a9be]" name="VerifyAddToCartFunc" class="testCases.TC001_PurchaseFlow_Test"/>
        <method signature="TC001_PurchaseFlow_Test.Verify_CartPage_Func()[pri:2, instance:testCases.TC001_PurchaseFlow_Test@b83a9be]" name="Verify_CartPage_Func" class="testCases.TC001_PurchaseFlow_Test"/>
        <method signature="TC001_PurchaseFlow_Test.Verify_Checkout_Func()[pri:3, instance:testCases.TC001_PurchaseFlow_Test@b83a9be]" name="Verify_Checkout_Func" class="testCases.TC001_PurchaseFlow_Test"/>
        <method signature="TC001_PurchaseFlow_Test.Verify_Order_Success_Func()[pri:4, instance:testCases.TC001_PurchaseFlow_Test@b83a9be]" name="Verify_Order_Success_Func" class="testCases.TC001_PurchaseFlow_Test"/>
        <method signature="TC001_PurchaseFlow_Test.Verify_Logout_Fun()[pri:5, instance:testCases.TC001_PurchaseFlow_Test@b83a9be]" name="Verify_Logout_Fun" class="testCases.TC001_PurchaseFlow_Test"/>
        <method signature="TC001_PurchaseFlow_Test.Verify_Invalid_Login_Fun()[pri:6, instance:testCases.TC001_PurchaseFlow_Test@b83a9be]" name="Verify_Invalid_Login_Fun" class="testCases.TC001_PurchaseFlow_Test"/>
      </group> <!-- Master -->
      <group name="Sanity">
        <method signature="TC001_PurchaseFlow_Test.VerifyLoginFun()[pri:0, instance:testCases.TC001_PurchaseFlow_Test@b83a9be]" name="VerifyLoginFun" class="testCases.TC001_PurchaseFlow_Test"/>
        <method signature="TC001_PurchaseFlow_Test.VerifyAddToCartFunc()[pri:1, instance:testCases.TC001_PurchaseFlow_Test@b83a9be]" name="VerifyAddToCartFunc" class="testCases.TC001_PurchaseFlow_Test"/>
        <method signature="TC001_PurchaseFlow_Test.Verify_CartPage_Func()[pri:2, instance:testCases.TC001_PurchaseFlow_Test@b83a9be]" name="Verify_CartPage_Func" class="testCases.TC001_PurchaseFlow_Test"/>
        <method signature="TC001_PurchaseFlow_Test.Verify_Checkout_Func()[pri:3, instance:testCases.TC001_PurchaseFlow_Test@b83a9be]" name="Verify_Checkout_Func" class="testCases.TC001_PurchaseFlow_Test"/>
        <method signature="TC001_PurchaseFlow_Test.Verify_Order_Success_Func()[pri:4, instance:testCases.TC001_PurchaseFlow_Test@b83a9be]" name="Verify_Order_Success_Func" class="testCases.TC001_PurchaseFlow_Test"/>
        <method signature="TC001_PurchaseFlow_Test.Verify_Logout_Fun()[pri:5, instance:testCases.TC001_PurchaseFlow_Test@b83a9be]" name="Verify_Logout_Fun" class="testCases.TC001_PurchaseFlow_Test"/>
        <method signature="TC001_PurchaseFlow_Test.Verify_Invalid_Login_Fun()[pri:6, instance:testCases.TC001_PurchaseFlow_Test@b83a9be]" name="Verify_Invalid_Login_Fun" class="testCases.TC001_PurchaseFlow_Test"/>
      </group> <!-- Sanity -->
    </groups>
    <test started-at="2025-08-04T13:03:22 IST" name="ChromeTest" finished-at="2025-08-04T13:03:43 IST" duration-ms="21312">
      <class name="testCases.TC001_PurchaseFlow_Test">
        <test-method is-config="true" signature="setup(java.lang.String)[pri:0, instance:testCases.TC001_PurchaseFlow_Test@b83a9be]" started-at="2025-08-04T13:03:22 IST" name="setup" finished-at="2025-08-04T13:03:25 IST" duration-ms="3345" status="PASS">
          <params>
            <param index="0">
              <value>
                <![CDATA[chrome]]>
              </value>
            </param>
          </params>
          <reporter-output>
          </reporter-output>
        </test-method> <!-- setup -->
        <test-method signature="VerifyLoginFun()[pri:0, instance:testCases.TC001_PurchaseFlow_Test@b83a9be]" started-at="2025-08-04T13:03:25 IST" name="VerifyLoginFun" finished-at="2025-08-04T13:03:30 IST" duration-ms="4570" status="PASS">
          <reporter-output>
          </reporter-output>
        </test-method> <!-- VerifyLoginFun -->
        <test-method signature="VerifyAddToCartFunc()[pri:1, instance:testCases.TC001_PurchaseFlow_Test@b83a9be]" started-at="2025-08-04T13:03:30 IST" name="VerifyAddToCartFunc" finished-at="2025-08-04T13:03:33 IST" duration-ms="3266" status="PASS">
          <reporter-output>
          </reporter-output>
        </test-method> <!-- VerifyAddToCartFunc -->
        <test-method signature="Verify_CartPage_Func()[pri:2, instance:testCases.TC001_PurchaseFlow_Test@b83a9be]" started-at="2025-08-04T13:03:33 IST" name="Verify_CartPage_Func" finished-at="2025-08-04T13:03:36 IST" duration-ms="3285" status="PASS">
          <reporter-output>
          </reporter-output>
        </test-method> <!-- Verify_CartPage_Func -->
        <test-method signature="Verify_Checkout_Func()[pri:3, instance:testCases.TC001_PurchaseFlow_Test@b83a9be]" started-at="2025-08-04T13:03:36 IST" name="Verify_Checkout_Func" finished-at="2025-08-04T13:03:41 IST" duration-ms="4531" status="PASS">
          <reporter-output>
          </reporter-output>
        </test-method> <!-- Verify_Checkout_Func -->
        <test-method signature="Verify_Order_Success_Func()[pri:4, instance:testCases.TC001_PurchaseFlow_Test@b83a9be]" started-at="2025-08-04T13:03:41 IST" name="Verify_Order_Success_Func" finished-at="2025-08-04T13:03:42 IST" duration-ms="1249" status="PASS">
          <reporter-output>
          </reporter-output>
        </test-method> <!-- Verify_Order_Success_Func -->
        <test-method signature="Verify_Logout_Fun()[pri:5, instance:testCases.TC001_PurchaseFlow_Test@b83a9be]" started-at="2025-08-04T13:03:42 IST" name="Verify_Logout_Fun" finished-at="2025-08-04T13:03:42 IST" duration-ms="270" status="PASS">
          <reporter-output>
          </reporter-output>
        </test-method> <!-- Verify_Logout_Fun -->
        <test-method signature="Verify_Invalid_Login_Fun()[pri:6, instance:testCases.TC001_PurchaseFlow_Test@b83a9be]" started-at="2025-08-04T13:03:42 IST" name="Verify_Invalid_Login_Fun" finished-at="2025-08-04T13:03:43 IST" duration-ms="365" status="PASS">
          <reporter-output>
          </reporter-output>
        </test-method> <!-- Verify_Invalid_Login_Fun -->
        <test-method is-config="true" signature="close()[pri:0, instance:testCases.TC001_PurchaseFlow_Test@b83a9be]" started-at="2025-08-04T13:03:43 IST" name="close" finished-at="2025-08-04T13:03:43 IST" duration-ms="343" status="PASS">
          <reporter-output>
          </reporter-output>
        </test-method> <!-- close -->
      </class> <!-- testCases.TC001_PurchaseFlow_Test -->
    </test> <!-- ChromeTest -->
  </suite> <!-- Suite -->
</testng-results>
